<?xml version="1.0" encoding="UTF-8"?>
<!-- Generated by org.testng.reporters.JUnitReportReporter -->
<testsuite skipped="1" hostname="DESKTOP-15EGE8B" name="org.sample.TestNGDay1" tests="7" failures="0" timestamp="31 May 2022 13:55:04 GMT" time="0.023" errors="0">
  <testcase name="test3" time="0.004" classname="org.sample.TestNGDay1"/>
  <testcase name="test2" time="0.011" classname="org.sample.TestNGDay1"/>
  <testcase name="test2" time="0.002" classname="org.sample.TestNGDay1"/>
  <testcase name="test2" time="0.003" classname="org.sample.TestNGDay1"/>
  <testcase name="test2" time="0.001" classname="org.sample.TestNGDay1"/>
  <testcase name="test2" time="0.002" classname="org.sample.TestNGDay1"/>
  <testcase name="test1" classname="org.sample.TestNGDay1">
    <skipped/>
  </testcase> <!-- test1 -->
</testsuite> <!-- org.sample.TestNGDay1 -->
