<?xml version="1.0" encoding="UTF-8"?>
<!-- Generated by org.testng.reporters.JUnitReportReporter -->
<testsuite skipped="0" hostname="DESKTOP-15EGE8B" name="org.practice.BrowserLaunch" tests="1" failures="0" timestamp="30 May 2022 09:09:17 GMT" time="6.574" errors="0">
  <testcase name="test1" time="6.574" classname="org.practice.BrowserLaunch"/>
</testsuite> <!-- org.practice.BrowserLaunch -->
