<?xml version="1.0" encoding="UTF-8"?>
<!-- Generated by org.testng.reporters.JUnitReportReporter -->
<testsuite skipped="0" hostname="DESKTOP-15EGE8B" name="org.practice.SoftAsserttttt" tests="1" failures="0" timestamp="30 May 2022 15:32:54 GMT" time="5.420" errors="0">
  <testcase name="test1" time="5.420" classname="org.practice.SoftAsserttttt"/>
</testsuite> <!-- org.practice.SoftAsserttttt -->
