<?xml version="1.0" encoding="UTF-8"?>
<!-- Generated by org.testng.reporters.JUnitReportReporter -->
<testsuite skipped="0" hostname="DESKTOP-15EGE8B" name="org.practice.SoftAssert" tests="1" failures="0" timestamp="30 May 2022 09:41:34 GMT" time="9.109" errors="0">
  <testcase name="test1" time="9.109" classname="org.practice.SoftAssert"/>
</testsuite> <!-- org.practice.SoftAssert -->
