<?xml version="1.0" encoding="UTF-8"?>
<!-- Generated by org.testng.reporters.JUnitReportReporter -->
<testsuite skipped="1" hostname="DESKTOP-15EGE8B" name="org.practice.Sample" tests="3" failures="0" timestamp="30 May 2022 09:23:18 GMT" time="0.013" errors="0">
  <testcase name="test3" time="0.007" classname="org.practice.Sample"/>
  <testcase name="test2" time="0.006" classname="org.practice.Sample"/>
  <testcase name="test1" classname="org.practice.Sample">
    <skipped/>
  </testcase> <!-- test1 -->
</testsuite> <!-- org.practice.Sample -->
